<?xml version="1.0" encoding="UTF-8" ?>
<testsuite errors="1" failures="4" hostname="darshneel-PC" name="net.sourceforge.cruisecontrol.sampleproject.connectfour.PlayingStandTest" skipped="0" tests="10" time="0.168" timestamp="2017-01-16T01:50:20">
  <properties>
[...]
</properties>
  <testcase classname="net.sourceforge.cruisecontrol.sampleproject.connectfour.PlayingStandTest" name="testNoWinner" time="0.002" />
  <testcase classname="net.sourceforge.cruisecontrol.sampleproject.connectfour.PlayingStandTest" name="testFourConnectedDiagonally" time="0.109">
    <failure type="junit.framework.AssertionFailedError">junit.framework.AssertionFailedError
	at net.sourceforge.cruisecontrol.sampleproject.connectfour.PlayingStandTest.testFourConnectedDiagonally(Unknown Source)
</failure>
  </testcase>
  <testcase classname="net.sourceforge.cruisecontrol.sampleproject.connectfour.PlayingStandTest" name="testFullColumn" time="0.0" />
  <testcase classname="net.sourceforge.cruisecontrol.sampleproject.connectfour.PlayingStandTest" name="testFourConnectedHorizontally" time="0.051">
    <failure type="junit.framework.AssertionFailedError">junit.framework.AssertionFailedError
	at net.sourceforge.cruisecontrol.sampleproject.connectfour.PlayingStandTest.testFourConnectedHorizontally(Unknown Source)
</failure>
  </testcase>
  <testcase classname="net.sourceforge.cruisecontrol.sampleproject.connectfour.PlayingStandTest" name="testFourConnected" time="0.001">
    <failure type="junit.framework.AssertionFailedError">junit.framework.AssertionFailedError
	at net.sourceforge.cruisecontrol.sampleproject.connectfour.PlayingStandTest.testFourConnected(Unknown Source)
</failure>
  </testcase>
  <testcase classname="net.sourceforge.cruisecontrol.sampleproject.connectfour.PlayingStandTest" name="testStandControlsTurns" time="0.0" />
  <testcase classname="net.sourceforge.cruisecontrol.sampleproject.connectfour.PlayingStandTest" name="testNonExistentColumn" time="0.001" />
  <testcase classname="net.sourceforge.cruisecontrol.sampleproject.connectfour.PlayingStandTest" name="testWinningPlacement" time="0.0">
    <error type="net.sourceforge.cruisecontrol.sampleproject.connectfour.GameNotOverException">net.sourceforge.cruisecontrol.sampleproject.connectfour.GameNotOverException
	at net.sourceforge.cruisecontrol.sampleproject.connectfour.PlayingStand.getWinningPlacement(Unknown Source)
	at net.sourceforge.cruisecontrol.sampleproject.connectfour.PlayingStandTest.testWinningPlacement(Unknown Source)
</error>
  </testcase>
  <testcase classname="net.sourceforge.cruisecontrol.sampleproject.connectfour.PlayingStandTest" name="testDownwardDiagonalWins" time="0.001">
    <failure type="junit.framework.AssertionFailedError">junit.framework.AssertionFailedError
	at net.sourceforge.cruisecontrol.sampleproject.connectfour.PlayingStandTest.testDownwardDiagonalWins(Unknown Source)
</failure>
  </testcase>
  <testcase classname="net.sourceforge.cruisecontrol.sampleproject.connectfour.PlayingStandTest" name="testNoWinningPlacementBeforeGameOver" time="0.0" />
  <system-out><![CDATA[]]></system-out>
  <system-err><![CDATA[]]></system-err>
</testsuite>
